# JRE version: OpenJDK Runtime Environment Temurin-21.0.9+10 (21.0.9+10) (build 21.0.9+10-LTS)
# Java VM: OpenJDK 64-Bit Server VM Temurin-21.0.9+10 (21.0.9+10-LTS, mixed mode, sharing, tiered, compressed oops, compressed class ptrs, parallel gc, windows-amd64)
GC Precious Log:
 CardTable entry size: 512
 CPUs: 12 total, 12 available
 Memory: 6005M
 Large Page Support: Disabled
 NUMA Support: Disabled
 Compressed Oops: Enabled (32-bit)
 Alignments: Space 512K, Generation 512K, Heap 2M
 Heap Min Capacity: 100M
 Heap Initial Capacity: 100M
 Heap Max Capacity: 2G
 Pre-touch: Disabled
 Parallel Workers: 10
Heap:
 PSYoungGen      total 19456K, used 7556K [0x00000000d5580000, 0x00000000d6b80000, 0x0000000100000000)
  eden space 18432K, 36% used [0x00000000d5580000,0x00000000d5c17e10,0x00000000d6780000)
  from space 1024K, 78% used [0x00000000d6980000,0x00000000d6a49210,0x00000000d6a80000)
  to   space 1024K, 0% used [0x00000000d6a80000,0x00000000d6a80000,0x00000000d6b80000)
 ParOldGen       total 875008K, used 874673K [0x0000000080000000, 0x00000000b5680000, 0x00000000d5580000)
  object space 875008K, 99% used [0x0000000080000000,0x00000000b562c580,0x00000000b5680000)
 Metaspace       used 87557K, committed 89344K, reserved 1179648K
  class space    used 8696K, committed 9600K, reserved 1048576K
GC Heap History (20 events):
Event: 4038.338 GC heap before
{Heap before GC invocations=1522 (full 7):
 PSYoungGen      total 22016K, used 21936K [0x00000000d5580000, 0x00000000d7180000, 0x0000000100000000)
  eden space 18432K, 100% used [0x00000000d5580000,0x00000000d6780000,0x00000000d6780000)
  from space 3584K, 97% used [0x00000000d6a80000,0x00000000d6dec030,0x00000000d6e00000)
  to   space 3584K, 0% used [0x00000000d6e00000,0x00000000d6e00000,0x00000000d7180000)
 ParOldGen       total 841728K, used 841337K [0x0000000080000000, 0x00000000b3600000, 0x00000000d5580000)
  object space 841728K, 99% used [0x0000000080000000,0x00000000b359e408,0x00000000b3600000)
 Metaspace       used 87513K, committed 89280K, reserved 1179648K
  class space    used 8696K, committed 9600K, reserved 1048576K
}
Event: 4038.343 GC heap after
{Heap after GC invocations=1522 (full 7):
 PSYoungGen      total 20992K, used 2080K [0x00000000d5580000, 0x00000000d7080000, 0x0000000100000000)
  eden space 18432K, 0% used [0x00000000d5580000,0x00000000d5580000,0x00000000d6780000)
  from space 2560K, 81% used [0x00000000d6e00000,0x00000000d7008000,0x00000000d7080000)
  to   space 3072K, 0% used [0x00000000d6a80000,0x00000000d6a80000,0x00000000d6d80000)
 ParOldGen       total 844800K, used 844598K [0x0000000080000000, 0x00000000b3900000, 0x00000000d5580000)
  object space 844800K, 99% used [0x0000000080000000,0x00000000b38cd9b8,0x00000000b3900000)
 Metaspace       used 87513K, committed 89280K, reserved 1179648K
  class space    used 8696K, committed 9600K, reserved 1048576K
}
Event: 4038.543 GC heap before
{Heap before GC invocations=1523 (full 7):
 PSYoungGen      total 20992K, used 17579K [0x00000000d5580000, 0x00000000d7080000, 0x0000000100000000)
  eden space 18432K, 84% used [0x00000000d5580000,0x00000000d64a2d00,0x00000000d6780000)
  from space 2560K, 81% used [0x00000000d6e00000,0x00000000d7008000,0x00000000d7080000)
  to   space 3072K, 0% used [0x00000000d6a80000,0x00000000d6a80000,0x00000000d6d80000)
 ParOldGen       total 844800K, used 844598K [0x0000000080000000, 0x00000000b3900000, 0x00000000d5580000)
  object space 844800K, 99% used [0x0000000080000000,0x00000000b38cd9b8,0x00000000b3900000)
 Metaspace       used 87518K, committed 89280K, reserved 1179648K
  class space    used 8696K, committed 9600K, reserved 1048576K
}
Event: 4038.547 GC heap after
{Heap after GC invocations=1523 (full 7):
 PSYoungGen      total 20480K, used 1728K [0x00000000d5580000, 0x00000000d6e80000, 0x0000000100000000)
  eden space 18432K, 0% used [0x00000000d5580000,0x00000000d5580000,0x00000000d6780000)
  from space 2048K, 84% used [0x00000000d6a80000,0x00000000d6c30020,0x00000000d6c80000)
  to   space 2048K, 0% used [0x00000000d6c80000,0x00000000d6c80000,0x00000000d6e80000)
 ParOldGen       total 846848K, used 846409K [0x0000000080000000, 0x00000000b3b00000, 0x00000000d5580000)
  object space 846848K, 99% used [0x0000000080000000,0x00000000b3a925d0,0x00000000b3b00000)
 Metaspace       used 87518K, committed 89280K, reserved 1179648K
  class space    used 8696K, committed 9600K, reserved 1048576K
}
Event: 4039.144 GC heap before
{Heap before GC invocations=1524 (full 7):
 PSYoungGen      total 20480K, used 20160K [0x00000000d5580000, 0x00000000d6e80000, 0x0000000100000000)
  eden space 18432K, 100% used [0x00000000d5580000,0x00000000d6780000,0x00000000d6780000)
  from space 2048K, 84% used [0x00000000d6a80000,0x00000000d6c30020,0x00000000d6c80000)
  to   space 2048K, 0% used [0x00000000d6c80000,0x00000000d6c80000,0x00000000d6e80000)
 ParOldGen       total 870400K, used 869449K [0x0000000080000000, 0x00000000b5200000, 0x00000000d5580000)
  object space 870400K, 99% used [0x0000000080000000,0x00000000b51125f0,0x00000000b5200000)
 Metaspace       used 87529K, committed 89344K, reserved 1179648K
  class space    used 8696K, committed 9600K, reserved 1048576K
}
Event: 4039.146 GC heap after
{Heap after GC invocations=1524 (full 7):
 PSYoungGen      total 18944K, used 436K [0x00000000d5580000, 0x00000000d6d00000, 0x0000000100000000)
  eden space 18432K, 0% used [0x00000000d5580000,0x00000000d5580000,0x00000000d6780000)
  from space 512K, 85% used [0x00000000d6c80000,0x00000000d6ced220,0x00000000d6d00000)
  to   space 1024K, 0% used [0x00000000d6b00000,0x00000000d6b00000,0x00000000d6c00000)
 ParOldGen       total 870912K, used 870889K [0x0000000080000000, 0x00000000b5280000, 0x00000000d5580000)
  object space 870912K, 99% used [0x0000000080000000,0x00000000b527a520,0x00000000b5280000)
 Metaspace       used 87529K, committed 89344K, reserved 1179648K
  class space    used 8696K, committed 9600K, reserved 1048576K
}
Event: 4039.175 GC heap before
{Heap before GC invocations=1525 (full 7):
 PSYoungGen      total 18944K, used 18868K [0x00000000d5580000, 0x00000000d6d00000, 0x0000000100000000)
  eden space 18432K, 100% used [0x00000000d5580000,0x00000000d6780000,0x00000000d6780000)
  from space 512K, 85% used [0x00000000d6c80000,0x00000000d6ced220,0x00000000d6d00000)
  to   space 1024K, 0% used [0x00000000d6b00000,0x00000000d6b00000,0x00000000d6c00000)
 ParOldGen       total 870912K, used 870889K [0x0000000080000000, 0x00000000b5280000, 0x00000000d5580000)
  object space 870912K, 99% used [0x0000000080000000,0x00000000b527a520,0x00000000b5280000)
 Metaspace       used 87530K, committed 89344K, reserved 1179648K
  class space    used 8696K, committed 9600K, reserved 1048576K
}
Event: 4039.177 GC heap after
{Heap after GC invocations=1525 (full 7):
 PSYoungGen      total 19456K, used 756K [0x00000000d5580000, 0x00000000d6d00000, 0x0000000100000000)
  eden space 18432K, 0% used [0x00000000d5580000,0x00000000d5580000,0x00000000d6780000)
  from space 1024K, 73% used [0x00000000d6b00000,0x00000000d6bbd200,0x00000000d6c00000)
  to   space 1024K, 0% used [0x00000000d6c00000,0x00000000d6c00000,0x00000000d6d00000)
 ParOldGen       total 871424K, used 871033K [0x0000000080000000, 0x00000000b5300000, 0x00000000d5580000)
  object space 871424K, 99% used [0x0000000080000000,0x00000000b529e540,0x00000000b5300000)
 Metaspace       used 87530K, committed 89344K, reserved 1179648K
  class space    used 8696K, committed 9600K, reserved 1048576K
}
Event: 4039.207 GC heap before
{Heap before GC invocations=1526 (full 7):
 PSYoungGen      total 19456K, used 19188K [0x00000000d5580000, 0x00000000d6d00000, 0x0000000100000000)
  eden space 18432K, 100% used [0x00000000d5580000,0x00000000d6780000,0x00000000d6780000)
  from space 1024K, 73% used [0x00000000d6b00000,0x00000000d6bbd200,0x00000000d6c00000)
  to   space 1024K, 0% used [0x00000000d6c00000,0x00000000d6c00000,0x00000000d6d00000)
 ParOldGen       total 871424K, used 871033K [0x0000000080000000, 0x00000000b5300000, 0x00000000d5580000)
  object space 871424K, 99% used [0x0000000080000000,0x00000000b529e540,0x00000000b5300000)
 Metaspace       used 87531K, committed 89344K, reserved 1179648K
  class space    used 8696K, committed 9600K, reserved 1048576K
}
Event: 4039.209 GC heap after
{Heap after GC invocations=1526 (full 7):
 PSYoungGen      total 19456K, used 1012K [0x00000000d5580000, 0x00000000d6d00000, 0x0000000100000000)
  eden space 18432K, 0% used [0x00000000d5580000,0x00000000d5580000,0x00000000d6780000)
  from space 1024K, 98% used [0x00000000d6c00000,0x00000000d6cfd200,0x00000000d6d00000)
  to   space 2048K, 0% used [0x00000000d6900000,0x00000000d6900000,0x00000000d6b00000)
 ParOldGen       total 871936K, used 871725K [0x0000000080000000, 0x00000000b5380000, 0x00000000d5580000)
  object space 871936K, 99% used [0x0000000080000000,0x00000000b534b780,0x00000000b5380000)
 Metaspace       used 87531K, committed 89344K, reserved 1179648K
  class space    used 8696K, committed 9600K, reserved 1048576K
}
Event: 4039.247 GC heap before
{Heap before GC invocations=1527 (full 7):
 PSYoungGen      total 19456K, used 19444K [0x00000000d5580000, 0x00000000d6d00000, 0x0000000100000000)
  eden space 18432K, 100% used [0x00000000d5580000,0x00000000d6780000,0x00000000d6780000)
  from space 1024K, 98% used [0x00000000d6c00000,0x00000000d6cfd200,0x00000000d6d00000)
  to   space 2048K, 0% used [0x00000000d6900000,0x00000000d6900000,0x00000000d6b00000)
 ParOldGen       total 871936K, used 871725K [0x0000000080000000, 0x00000000b5380000, 0x00000000d5580000)
  object space 871936K, 99% used [0x0000000080000000,0x00000000b534b780,0x00000000b5380000)
 Metaspace       used 87533K, committed 89344K, reserved 1179648K
  class space    used 8696K, committed 9600K, reserved 1048576K
}
Event: 4039.250 GC heap after
{Heap after GC invocations=1527 (full 7):
 PSYoungGen      total 20480K, used 842K [0x00000000d5580000, 0x00000000d6c80000, 0x0000000100000000)
  eden space 18432K, 0% used [0x00000000d5580000,0x00000000d5580000,0x00000000d6780000)
  from space 2048K, 41% used [0x00000000d6900000,0x00000000d69d2910,0x00000000d6b00000)
  to   space 1536K, 0% used [0x00000000d6b00000,0x00000000d6b00000,0x00000000d6c80000)
 ParOldGen       total 872960K, used 872752K [0x0000000080000000, 0x00000000b5480000, 0x00000000d5580000)
  object space 872960K, 99% used [0x0000000080000000,0x00000000b544c120,0x00000000b5480000)
 Metaspace       used 87533K, committed 89344K, reserved 1179648K
  class space    used 8696K, committed 9600K, reserved 1048576K
}
Event: 4039.283 GC heap before
{Heap before GC invocations=1528 (full 7):
 PSYoungGen      total 20480K, used 19274K [0x00000000d5580000, 0x00000000d6c80000, 0x0000000100000000)
  eden space 18432K, 100% used [0x00000000d5580000,0x00000000d6780000,0x00000000d6780000)
  from space 2048K, 41% used [0x00000000d6900000,0x00000000d69d2910,0x00000000d6b00000)
  to   space 1536K, 0% used [0x00000000d6b00000,0x00000000d6b00000,0x00000000d6c80000)
 ParOldGen       total 872960K, used 872752K [0x0000000080000000, 0x00000000b5480000, 0x00000000d5580000)
  object space 872960K, 99% used [0x0000000080000000,0x00000000b544c120,0x00000000b5480000)
 Metaspace       used 87534K, committed 89344K, reserved 1179648K
  class space    used 8696K, committed 9600K, reserved 1048576K
}
Event: 4039.285 GC heap after
{Heap after GC invocations=1528 (full 7):
 PSYoungGen      total 19456K, used 820K [0x00000000d5580000, 0x00000000d6c00000, 0x0000000100000000)
  eden space 18432K, 0% used [0x00000000d5580000,0x00000000d5580000,0x00000000d6780000)
  from space 1024K, 80% used [0x00000000d6b00000,0x00000000d6bcd200,0x00000000d6c00000)
  to   space 1024K, 0% used [0x00000000d6a00000,0x00000000d6a00000,0x00000000d6b00000)
 ParOldGen       total 873472K, used 873120K [0x0000000080000000, 0x00000000b5500000, 0x00000000d5580000)
  object space 873472K, 99% used [0x0000000080000000,0x00000000b54a8120,0x00000000b5500000)
 Metaspace       used 87534K, committed 89344K, reserved 1179648K
  class space    used 8696K, committed 9600K, reserved 1048576K
}
Event: 4039.318 GC heap before
{Heap before GC invocations=1529 (full 7):
 PSYoungGen      total 19456K, used 19252K [0x00000000d5580000, 0x00000000d6c00000, 0x0000000100000000)
  eden space 18432K, 100% used [0x00000000d5580000,0x00000000d6780000,0x00000000d6780000)
  from space 1024K, 80% used [0x00000000d6b00000,0x00000000d6bcd200,0x00000000d6c00000)
  to   space 1024K, 0% used [0x00000000d6a00000,0x00000000d6a00000,0x00000000d6b00000)
 ParOldGen       total 873472K, used 873120K [0x0000000080000000, 0x00000000b5500000, 0x00000000d5580000)
  object space 873472K, 99% used [0x0000000080000000,0x00000000b54a8120,0x00000000b5500000)
 Metaspace       used 87534K, committed 89344K, reserved 1179648K
  class space    used 8696K, committed 9600K, reserved 1048576K
}
Event: 4039.320 GC heap after
{Heap after GC invocations=1529 (full 7):
 PSYoungGen      total 19456K, used 692K [0x00000000d5580000, 0x00000000d6b80000, 0x0000000100000000)
  eden space 18432K, 0% used [0x00000000d5580000,0x00000000d5580000,0x00000000d6780000)
  from space 1024K, 67% used [0x00000000d6a00000,0x00000000d6aad200,0x00000000d6b00000)
  to   space 512K, 0% used [0x00000000d6b00000,0x00000000d6b00000,0x00000000d6b80000)
 ParOldGen       total 873984K, used 873740K [0x0000000080000000, 0x00000000b5580000, 0x00000000d5580000)
  object space 873984K, 99% used [0x0000000080000000,0x00000000b5543350,0x00000000b5580000)
 Metaspace       used 87534K, committed 89344K, reserved 1179648K
  class space    used 8696K, committed 9600K, reserved 1048576K
}
Event: 4039.351 GC heap before
{Heap before GC invocations=1530 (full 7):
 PSYoungGen      total 19456K, used 19124K [0x00000000d5580000, 0x00000000d6b80000, 0x0000000100000000)
  eden space 18432K, 100% used [0x00000000d5580000,0x00000000d6780000,0x00000000d6780000)
  from space 1024K, 67% used [0x00000000d6a00000,0x00000000d6aad200,0x00000000d6b00000)
  to   space 512K, 0% used [0x00000000d6b00000,0x00000000d6b00000,0x00000000d6b80000)
 ParOldGen       total 873984K, used 873740K [0x0000000080000000, 0x00000000b5580000, 0x00000000d5580000)
  object space 873984K, 99% used [0x0000000080000000,0x00000000b5543350,0x00000000b5580000)
 Metaspace       used 87535K, committed 89344K, reserved 1179648K
  class space    used 8696K, committed 9600K, reserved 1048576K
}
Event: 4039.353 GC heap after
{Heap after GC invocations=1530 (full 7):
 PSYoungGen      total 18944K, used 500K [0x00000000d5580000, 0x00000000d6b80000, 0x0000000100000000)
  eden space 18432K, 0% used [0x00000000d5580000,0x00000000d5580000,0x00000000d6780000)
  from space 512K, 97% used [0x00000000d6b00000,0x00000000d6b7d200,0x00000000d6b80000)
  to   space 1024K, 0% used [0x00000000d6980000,0x00000000d6980000,0x00000000d6a80000)
 ParOldGen       total 874496K, used 874204K [0x0000000080000000, 0x00000000b5600000, 0x00000000d5580000)
  object space 874496K, 99% used [0x0000000080000000,0x00000000b55b7370,0x00000000b5600000)
 Metaspace       used 87535K, committed 89344K, reserved 1179648K
  class space    used 8696K, committed 9600K, reserved 1048576K
}
Event: 4041.940 GC heap before
{Heap before GC invocations=1531 (full 7):
 PSYoungGen      total 18944K, used 18932K [0x00000000d5580000, 0x00000000d6b80000, 0x0000000100000000)
  eden space 18432K, 100% used [0x00000000d5580000,0x00000000d6780000,0x00000000d6780000)
  from space 512K, 97% used [0x00000000d6b00000,0x00000000d6b7d200,0x00000000d6b80000)
  to   space 1024K, 0% used [0x00000000d6980000,0x00000000d6980000,0x00000000d6a80000)
 ParOldGen       total 874496K, used 874204K [0x0000000080000000, 0x00000000b5600000, 0x00000000d5580000)
  object space 874496K, 99% used [0x0000000080000000,0x00000000b55b7370,0x00000000b5600000)
 Metaspace       used 87540K, committed 89344K, reserved 1179648K
  class space    used 8696K, committed 9600K, reserved 1048576K
}
Event: 4041.941 GC heap after
{Heap after GC invocations=1531 (full 7):
 PSYoungGen      total 19456K, used 804K [0x00000000d5580000, 0x00000000d6b80000, 0x0000000100000000)
  eden space 18432K, 0% used [0x00000000d5580000,0x00000000d5580000,0x00000000d6780000)
  from space 1024K, 78% used [0x00000000d6980000,0x00000000d6a49210,0x00000000d6a80000)
  to   space 1024K, 0% used [0x00000000d6a80000,0x00000000d6a80000,0x00000000d6b80000)
 ParOldGen       total 875008K, used 874673K [0x0000000080000000, 0x00000000b5680000, 0x00000000d5580000)
  object space 875008K, 99% used [0x0000000080000000,0x00000000b562c580,0x00000000b5680000)
 Metaspace       used 87540K, committed 89344K, reserved 1179648K
  class space    used 8696K, committed 9600K, reserved 1048576K
}

